b is not a function
b is not a function
b is not a function
TypeErrorb is not a function
TypeError:b is not a function
Fri Jul 29 2022 21:36:16 GMT+0300 (Israel Daylight Time) - TypeError: b is not a function
Fri Jul 29 2022 21:36:17 GMT+0300 (Israel Daylight Time) - TypeError: b is not a function
function toLocaleDateString() { [native code] } - TypeError: b is not a function
7/29/2022 - TypeError: b is not a function
Fri Jul 29 2022 21:37:27 GMT+0300 (Israel Daylight Time) - TypeError: b is not a function
29/07/2022 21:43:46 - TypeError: b is not a function
29/07/2022 21:44:51 GMT+03:00 - TypeError: b is not a function
29/07/2022 21:45:12 GMT+3...GMT+3 - TypeError: b is not a function
29/07/2022 21:45:36 GMT+3 - TypeError: b is not a function
29/07/2022 21:50:29 GMT+3 - TypeError: b is not a function
29/07/2022 22:50:11 GMT+3 | TypeError: b is not a function - Oops something went wrong: Please try again later
29/07/2022 22:50:16 GMT+3 | TypeError: b is not a function - Oops something went wrong: Please try again later
29/07/2022 22:50:21 GMT+3 | TypeError: b is not a function - Oops something went wrong: Please try again later
29/07/2022 22:50:26 GMT+3 | TypeError: b is not a function - Oops something went wrong: Please try again later
29/07/2022 22:50:31 GMT+3 | TypeError: b is not a function - Oops something went wrong: Please try again later
29/07/2022 22:50:36 GMT+3 | TypeError: b is not a function - Oops something went wrong: Please try again later
29/07/2022 22:50:41 GMT+3 | TypeError: b is not a function - Oops something went wrong: Please try again later
29/07/2022 22:50:46 GMT+3 | TypeError: b is not a function - Oops something went wrong: Please try again later
29/07/2022 22:50:51 GMT+3 | TypeError: b is not a function - Oops something went wrong: Please try again later
29/07/2022 22:50:56 GMT+3 | TypeError: b is not a function - Oops something went wrong: Please try again later
29/07/2022 22:51:01 GMT+3 | TypeError: b is not a function - Oops something went wrong: Please try again later
29/07/2022 22:51:06 GMT+3 | TypeError: b is not a function - Oops something went wrong: Please try again later
29/07/2022 22:51:11 GMT+3 | TypeError: b is not a function - Oops something went wrong: Please try again later
30/07/2022 15:17:01 GMT+3 | TypeError: b is not a function - Oops something went wrong: Please try again later
30/07/2022 15:17:06 GMT+3 | TypeError: b is not a function - Oops something went wrong: Please try again later
30/07/2022 15:17:11 GMT+3 | TypeError: b is not a function - Oops something went wrong: Please try again later
30/07/2022 15:17:16 GMT+3 | TypeError: b is not a function - Oops something went wrong: Please try again later
30/07/2022 15:17:21 GMT+3 | TypeError: b is not a function - Oops something went wrong: Please try again later
30/07/2022 15:17:26 GMT+3 | TypeError: b is not a function - Oops something went wrong: Please try again later
30/07/2022 15:20:30 GMT+3 | TypeError: b is not a function - Oops something went wrong: Please try again later
30/07/2022 15:20:31 GMT+3 | TypeError: b is not a function - Oops something went wrong: Please try again later
30/07/2022 15:20:32 GMT+3 | TypeError: b is not a function - Oops something went wrong: Please try again later
30/07/2022 15:20:33 GMT+3 | TypeError: b is not a function - Oops something went wrong: Please try again later
30/07/2022 15:20:34 GMT+3 | TypeError: b is not a function - Oops something went wrong: Please try again later
30/07/2022 15:20:35 GMT+3 | TypeError: b is not a function - Oops something went wrong: Please try again later
30/07/2022 15:20:36 GMT+3 | TypeError: b is not a function - Oops something went wrong: Please try again later
30/07/2022 15:20:37 GMT+3 | TypeError: b is not a function - Oops something went wrong: Please try again later
30/07/2022 15:20:38 GMT+3 | TypeError: b is not a function - Oops something went wrong: Please try again later
30/07/2022 15:20:39 GMT+3 | TypeError: b is not a function - Oops something went wrong: Please try again later
30/07/2022 15:20:40 GMT+3 | TypeError: b is not a function - Oops something went wrong: Please try again later
30/07/2022 15:20:41 GMT+3 | TypeError: b is not a function - Oops something went wrong: Please try again later
30/07/2022 15:20:42 GMT+3 | TypeError: b is not a function - Oops something went wrong: Please try again later
30/07/2022 15:20:43 GMT+3 | TypeError: b is not a function - Oops something went wrong: Please try again later
30/07/2022 15:20:44 GMT+3 | TypeError: b is not a function - Oops something went wrong: Please try again later
30/07/2022 15:20:45 GMT+3 | TypeError: b is not a function - Oops something went wrong: Please try again later
30/07/2022 15:20:46 GMT+3 | TypeError: b is not a function - Oops something went wrong: Please try again later
30/07/2022 15:20:47 GMT+3 | TypeError: b is not a function - Oops something went wrong: Please try again later
30/07/2022 15:20:48 GMT+3 | TypeError: b is not a function - Oops something went wrong: Please try again later
30/07/2022 15:20:49 GMT+3 | TypeError: b is not a function - Oops something went wrong: Please try again later
30/07/2022 15:20:50 GMT+3 | TypeError: b is not a function - Oops something went wrong: Please try again later
30/07/2022 15:20:51 GMT+3 | TypeError: b is not a function - Oops something went wrong: Please try again later
30/07/2022 15:20:52 GMT+3 | TypeError: b is not a function - Oops something went wrong: Please try again later
30/07/2022 15:20:53 GMT+3 | TypeError: b is not a function - Oops something went wrong: Please try again later
30/07/2022 15:20:54 GMT+3 | TypeError: b is not a function - Oops something went wrong: Please try again later
30/07/2022 15:20:55 GMT+3 | TypeError: b is not a function - Oops something went wrong: Please try again later
30/07/2022 15:20:56 GMT+3 | TypeError: b is not a function - Oops something went wrong: Please try again later
30/07/2022 15:20:57 GMT+3 | TypeError: b is not a function - Oops something went wrong: Please try again later
30/07/2022 15:20:58 GMT+3 | TypeError: b is not a function - Oops something went wrong: Please try again later
30/07/2022 15:20:59 GMT+3 | TypeError: b is not a function - Oops something went wrong: Please try again later
